<?xml version="1.0" encoding="UTF-8"?>
<testng-results ignored="0" total="1" passed="1" failed="0" skipped="0">
  <reporter-output>
  </reporter-output>
  <suite started-at="2022-09-20T21:36:23 SAST" name="All Test Suite" finished-at="2022-09-20T21:37:02 SAST" duration-ms="39240">
    <groups>
    </groups>
    <test started-at="2022-09-20T21:36:23 SAST" name="C:/Users/x463528/Workspace/OMFAutomationTestingTechnicalAbongile Maso/src/test/java/tests" finished-at="2022-09-20T21:37:02 SAST" duration-ms="39240">
      <class name="tests.TC1$testetsng">
        <test-method signature="test()[pri:0, instance:tests.TC1$testetsng@6fdbe764]" started-at="2022-09-20T21:36:28 SAST" name="test" finished-at="2022-09-20T21:36:54 SAST" duration-ms="26232" status="PASS">
          <reporter-output>
          </reporter-output>
        </test-method> <!-- test -->
      </class> <!-- tests.TC1$testetsng -->
      <class name="tests.TC1">
        <test-method is-config="true" signature="prepareTest()[pri:0, instance:tests.TC1@54e1c68b]" started-at="2022-09-20T21:36:23 SAST" name="prepareTest" finished-at="2022-09-20T21:36:28 SAST" duration-ms="5052" status="PASS">
          <reporter-output>
          </reporter-output>
        </test-method> <!-- prepareTest -->
        <test-method is-config="true" signature="startReport()[pri:0, instance:tests.TC1@54e1c68b]" started-at="2022-09-20T21:36:28 SAST" name="startReport" finished-at="2022-09-20T21:36:28 SAST" duration-ms="216" status="PASS">
          <reporter-output>
          </reporter-output>
        </test-method> <!-- startReport -->
        <test-method is-config="true" signature="endTest()[pri:0, instance:tests.TC1@54e1c68b]" started-at="2022-09-20T21:36:54 SAST" name="endTest" finished-at="2022-09-20T21:37:02 SAST" duration-ms="7640" status="PASS">
          <reporter-output>
          </reporter-output>
        </test-method> <!-- endTest -->
        <test-method is-config="true" signature="tearDown()[pri:0, instance:tests.TC1@54e1c68b]" started-at="2022-09-20T21:37:02 SAST" name="tearDown" finished-at="2022-09-20T21:37:02 SAST" duration-ms="27" status="PASS">
          <reporter-output>
          </reporter-output>
        </test-method> <!-- tearDown -->
      </class> <!-- tests.TC1 -->
    </test> <!-- C:/Users/x463528/Workspace/OMFAutomationTestingTechnicalAbongile Maso/src/test/java/tests -->
  </suite> <!-- All Test Suite -->
</testng-results>
